2025-04-22 11:22:42 [INF] User profile is available. Using 'C:\Users\Lenovo\AppData\Local\ASP.NET\DataProtection-Keys' as key repository and Windows DPAPI to encrypt keys at rest.
2025-04-22 11:22:42 [INF] Now listening on: https://localhost:7056
2025-04-22 11:22:42 [INF] Now listening on: http://localhost:5156
2025-04-22 11:22:42 [INF] Application started. Press Ctrl+C to shut down.
2025-04-22 11:22:42 [INF] Hosting environment: Development
2025-04-22 11:22:42 [INF] Content root path: C:\Users\Lenovo\source\repos\RoadInfrastructureAssetManagementFrontend2\RoadInfrastructureAssetManagementFrontend2
2025-04-22 11:22:43 [INF] Request starting HTTP/2 GET https://localhost:7056/ - null null
2025-04-22 11:22:43 [INF] Executing endpoint '/Index'
2025-04-22 11:22:43 [INF] Route matched with {page = "/Index"}. Executing page /Index
2025-04-22 11:22:43 [INF] Accessing expired session, Key:922dff37-714c-9ecc-48ac-b32a183dca16
2025-04-22 11:22:43 [INF] Executing RedirectToPageResult, redirecting to /Users/Login.
2025-04-22 11:22:43 [INF] Executed page /Index in 33.7661ms
2025-04-22 11:22:43 [INF] Executed endpoint '/Index'
2025-04-22 11:22:43 [INF] Request finished HTTP/2 GET https://localhost:7056/ - 302 0 null 255.8973ms
2025-04-22 11:22:43 [INF] Request starting HTTP/2 GET https://localhost:7056/Users/Login - null null
2025-04-22 11:22:43 [INF] Executing endpoint '/Users/Login'
2025-04-22 11:22:43 [INF] Route matched with {page = "/Users/Login"}. Executing page /Users/Login
2025-04-22 11:22:43 [INF] Accessing expired session, Key:922dff37-714c-9ecc-48ac-b32a183dca16
2025-04-22 11:22:43 [INF] Executing handler method RoadInfrastructureAssetManagementFrontend2.Pages.Users.LoginModel.OnGet - ModelState is "Valid"
2025-04-22 11:22:43 [INF] Executed handler method OnGet, returned result .
2025-04-22 11:22:43 [INF] Executing an implicit handler method - ModelState is "Valid"
2025-04-22 11:22:43 [INF] Executed an implicit handler method, returned result Microsoft.AspNetCore.Mvc.RazorPages.PageResult.
2025-04-22 11:22:43 [INF] Executed page /Users/Login in 148.0363ms
2025-04-22 11:22:43 [INF] Executed endpoint '/Users/Login'
2025-04-22 11:22:43 [INF] Request finished HTTP/2 GET https://localhost:7056/Users/Login - 200 null text/html; charset=utf-8 174.8397ms
2025-04-22 11:22:43 [INF] Request starting HTTP/2 GET https://localhost:7056/_framework/aspnetcore-browser-refresh.js - null null
2025-04-22 11:22:43 [INF] Request starting HTTP/2 GET https://localhost:7056/css/site.css?v=OkBey4ieF0iGyDdvp2Vuh2DzCLRPGBBkXJabf7jIBkc - null null
2025-04-22 11:22:43 [INF] Request finished HTTP/2 GET https://localhost:7056/_framework/aspnetcore-browser-refresh.js - 200 13820 application/javascript; charset=utf-8 14.7786ms
2025-04-22 11:22:43 [INF] The file /css/site.css was not modified
2025-04-22 11:22:43 [INF] Request starting HTTP/2 GET https://localhost:7056/_vs/browserLink - null null
2025-04-22 11:22:43 [INF] Request finished HTTP/2 GET https://localhost:7056/css/site.css?v=OkBey4ieF0iGyDdvp2Vuh2DzCLRPGBBkXJabf7jIBkc - 304 null text/css 41.7647ms
2025-04-22 11:22:44 [INF] Request finished HTTP/2 GET https://localhost:7056/_vs/browserLink - 200 null text/javascript; charset=UTF-8 106.2808ms
2025-04-22 11:23:07 [INF] Request starting HTTP/2 POST https://localhost:7056/Users/Login - application/x-www-form-urlencoded 243
2025-04-22 11:23:07 [INF] Executing endpoint '/Users/Login'
2025-04-22 11:23:07 [INF] Route matched with {page = "/Users/Login"}. Executing page /Users/Login
2025-04-22 11:23:07 [INF] Accessing expired session, Key:922dff37-714c-9ecc-48ac-b32a183dca16
2025-04-22 11:23:07 [INF] Executing handler method RoadInfrastructureAssetManagementFrontend2.Pages.Users.LoginModel.OnPostAsync - ModelState is "Valid"
2025-04-22 11:23:07 [INF] Start processing HTTP request POST https://localhost:7030/api/users/login
2025-04-22 11:23:07 [INF] Sending HTTP request POST https://localhost:7030/api/users/login
2025-04-22 11:23:08 [INF] Received HTTP response headers after 1132.608ms - 200
2025-04-22 11:23:08 [INF] End processing HTTP request after 1142.1907ms - 200
2025-04-22 11:23:08 [INF] Executed handler method OnPostAsync, returned result Microsoft.AspNetCore.Mvc.RedirectToPageResult.
2025-04-22 11:23:08 [INF] Executing RedirectToPageResult, redirecting to /Index.
2025-04-22 11:23:08 [INF] Executed page /Users/Login in 1179.8478ms
2025-04-22 11:23:08 [INF] Executed endpoint '/Users/Login'
2025-04-22 11:23:08 [INF] Session started; Key:922dff37-714c-9ecc-48ac-b32a183dca16, Id:e7e3ce74-9bf8-1ebc-4646-c940766ef267
2025-04-22 11:23:08 [INF] Request finished HTTP/2 POST https://localhost:7056/Users/Login - 302 0 null 1196.6951ms
2025-04-22 11:23:08 [INF] Request starting HTTP/2 GET https://localhost:7056/ - null null
2025-04-22 11:23:08 [INF] Executing endpoint '/Index'
2025-04-22 11:23:08 [INF] Route matched with {page = "/Index"}. Executing page /Index
2025-04-22 11:23:08 [INF] Executing handler method RoadInfrastructureAssetManagementFrontend2.Pages.IndexModel.OnGet - ModelState is "Valid"
2025-04-22 11:23:08 [INF] Executed handler method OnGet, returned result .
2025-04-22 11:23:08 [INF] Executing an implicit handler method - ModelState is "Valid"
2025-04-22 11:23:08 [INF] Executed an implicit handler method, returned result Microsoft.AspNetCore.Mvc.RazorPages.PageResult.
2025-04-22 11:23:08 [INF] Executed page /Index in 9.1015ms
2025-04-22 11:23:08 [INF] Executed endpoint '/Index'
2025-04-22 11:23:08 [INF] Request finished HTTP/2 GET https://localhost:7056/ - 200 null text/html; charset=utf-8 16.4181ms
2025-04-22 11:23:08 [INF] Request starting HTTP/2 GET https://localhost:7056/_vs/browserLink - null null
2025-04-22 11:23:08 [INF] Request starting HTTP/2 GET https://localhost:7056/_framework/aspnetcore-browser-refresh.js - null null
2025-04-22 11:23:08 [INF] Request finished HTTP/2 GET https://localhost:7056/_framework/aspnetcore-browser-refresh.js - 200 13820 application/javascript; charset=utf-8 7.5502ms
2025-04-22 11:23:08 [INF] Request finished HTTP/2 GET https://localhost:7056/_vs/browserLink - 200 null text/javascript; charset=UTF-8 23.4304ms
2025-04-22 11:23:14 [INF] Request starting HTTP/2 GET https://localhost:7056/AssetCategories - null null
2025-04-22 11:23:14 [INF] Executing endpoint '/AssetCategories/Index'
2025-04-22 11:23:14 [INF] Route matched with {page = "/AssetCategories/Index"}. Executing page /AssetCategories/Index
2025-04-22 11:23:14 [INF] Executing handler method RoadInfrastructureAssetManagementFrontend2.Pages.AssetCategories.IndexModel.OnGetAsync - ModelState is "Valid"
2025-04-22 11:23:14 [INF] User TeoNao (Role: admin) is accessing Asset Categories Index page
2025-04-22 11:23:14 [INF] User TeoNao (Role: admin) is retrieving all asset categories
2025-04-22 11:23:14 [INF] Start processing HTTP request GET https://localhost:7030/api/assetCagetories
2025-04-22 11:23:14 [INF] Sending HTTP request GET https://localhost:7030/api/assetCagetories
2025-04-22 11:23:14 [INF] Received HTTP response headers after 75.9603ms - 200
2025-04-22 11:23:14 [INF] End processing HTTP request after 80.872ms - 200
2025-04-22 11:23:14 [INF] User TeoNao (Role: admin) retrieved 1 asset categories successfully
2025-04-22 11:23:14 [INF] User TeoNao (Role: admin) loaded 1 asset categories
2025-04-22 11:23:14 [INF] Executed handler method OnGetAsync, returned result .
2025-04-22 11:23:14 [INF] Executing an implicit handler method - ModelState is "Valid"
2025-04-22 11:23:14 [INF] Executed an implicit handler method, returned result Microsoft.AspNetCore.Mvc.RazorPages.PageResult.
2025-04-22 11:23:14 [INF] Executed page /AssetCategories/Index in 114.4763ms
2025-04-22 11:23:14 [INF] Executed endpoint '/AssetCategories/Index'
2025-04-22 11:23:14 [INF] Request finished HTTP/2 GET https://localhost:7056/AssetCategories - 200 null text/html; charset=utf-8 127.0738ms
2025-04-22 11:23:14 [INF] Request starting HTTP/2 GET https://localhost:7056/_vs/browserLink - null null
2025-04-22 11:23:14 [INF] Request starting HTTP/2 GET https://localhost:7056/_framework/aspnetcore-browser-refresh.js - null null
2025-04-22 11:23:14 [INF] Request finished HTTP/2 GET https://localhost:7056/_framework/aspnetcore-browser-refresh.js - 200 13820 application/javascript; charset=utf-8 9.2976ms
2025-04-22 11:23:14 [INF] Request finished HTTP/2 GET https://localhost:7056/_vs/browserLink - 200 null text/javascript; charset=UTF-8 13.8451ms
2025-04-22 11:23:15 [INF] Request starting HTTP/2 POST https://localhost:7056/api/logs - application/json 101
2025-04-22 11:23:15 [INF] Request starting HTTP/2 GET https://localhost:7056/AssetCategories/Index?handler=GetDetail&id=1 - null null
2025-04-22 11:23:15 [INF] Request finished HTTP/2 POST https://localhost:7056/api/logs - 404 0 null 8.6345ms
2025-04-22 11:23:15 [INF] Executing endpoint '/AssetCategories/Index'
2025-04-22 11:23:15 [INF] Request reached the end of the middleware pipeline without being handled by application code. Request path: POST https://localhost:7056/api/logs, Response status code: 404
2025-04-22 11:23:15 [INF] Route matched with {page = "/AssetCategories/Index"}. Executing page /AssetCategories/Index
2025-04-22 11:23:15 [INF] Executing handler method RoadInfrastructureAssetManagementFrontend2.Pages.AssetCategories.IndexModel.OnGetGetDetailAsync - ModelState is "Valid"
2025-04-22 11:23:15 [INF] User TeoNao (Role: admin) is retrieving details for asset category with ID 1
2025-04-22 11:23:15 [INF] User TeoNao (Role: admin) is retrieving asset category with ID 1
2025-04-22 11:23:15 [INF] Start processing HTTP request GET https://localhost:7030/api/assetCagetories/1
2025-04-22 11:23:15 [INF] Sending HTTP request GET https://localhost:7030/api/assetCagetories/1
2025-04-22 11:23:16 [INF] Received HTTP response headers after 24.3781ms - 200
2025-04-22 11:23:16 [INF] End processing HTTP request after 27.0447ms - 200
2025-04-22 11:23:16 [INF] User TeoNao (Role: admin) retrieved asset category with ID 1 successfully
2025-04-22 11:23:16 [INF] User TeoNao (Role: admin) retrieved details for asset category with ID 1 successfully
2025-04-22 11:23:16 [INF] Executed handler method OnGetGetDetailAsync, returned result Microsoft.AspNetCore.Mvc.ContentResult.
2025-04-22 11:23:16 [INF] Executing ContentResult with HTTP Response ContentType of text/html
2025-04-22 11:23:16 [INF] Executed page /AssetCategories/Index in 67.2923ms
2025-04-22 11:23:16 [INF] Executed endpoint '/AssetCategories/Index'
2025-04-22 11:23:16 [INF] Request finished HTTP/2 GET https://localhost:7056/AssetCategories/Index?handler=GetDetail&id=1 - 200 1300 text/html 100.4816ms
2025-04-22 11:23:16 [INF] Request starting HTTP/2 POST https://localhost:7056/api/logs - application/json 109
2025-04-22 11:23:16 [INF] Request finished HTTP/2 POST https://localhost:7056/api/logs - 404 0 null 3.126ms
2025-04-22 11:23:16 [INF] Request reached the end of the middleware pipeline without being handled by application code. Request path: POST https://localhost:7056/api/logs, Response status code: 404
2025-04-22 11:25:46 [INF] User profile is available. Using 'C:\Users\Lenovo\AppData\Local\ASP.NET\DataProtection-Keys' as key repository and Windows DPAPI to encrypt keys at rest.
2025-04-22 11:25:46 [INF] Now listening on: https://localhost:7056
2025-04-22 11:25:46 [INF] Now listening on: http://localhost:5156
2025-04-22 11:25:46 [INF] Application started. Press Ctrl+C to shut down.
2025-04-22 11:25:46 [INF] Hosting environment: Development
2025-04-22 11:25:46 [INF] Content root path: C:\Users\Lenovo\source\repos\RoadInfrastructureAssetManagementFrontend2\RoadInfrastructureAssetManagementFrontend2
2025-04-22 11:25:46 [INF] Request starting HTTP/2 GET https://localhost:7056/ - null null
2025-04-22 11:25:46 [INF] Executing endpoint '/Index'
2025-04-22 11:25:46 [INF] Route matched with {page = "/Index"}. Executing page /Index
2025-04-22 11:25:46 [INF] Accessing expired session, Key:922dff37-714c-9ecc-48ac-b32a183dca16
2025-04-22 11:25:46 [INF] Executing RedirectToPageResult, redirecting to /Users/Login.
2025-04-22 11:25:46 [INF] Executed page /Index in 25.161ms
2025-04-22 11:25:46 [INF] Executed endpoint '/Index'
2025-04-22 11:25:46 [INF] Request finished HTTP/2 GET https://localhost:7056/ - 302 0 null 209.0334ms
2025-04-22 11:25:46 [INF] Request starting HTTP/2 GET https://localhost:7056/Users/Login - null null
2025-04-22 11:25:46 [INF] Executing endpoint '/Users/Login'
2025-04-22 11:25:46 [INF] Route matched with {page = "/Users/Login"}. Executing page /Users/Login
2025-04-22 11:25:46 [INF] Accessing expired session, Key:922dff37-714c-9ecc-48ac-b32a183dca16
2025-04-22 11:25:46 [INF] Executing handler method RoadInfrastructureAssetManagementFrontend2.Pages.Users.LoginModel.OnGet - ModelState is "Valid"
2025-04-22 11:25:46 [INF] Executed handler method OnGet, returned result .
2025-04-22 11:25:46 [INF] Executing an implicit handler method - ModelState is "Valid"
2025-04-22 11:25:46 [INF] Executed an implicit handler method, returned result Microsoft.AspNetCore.Mvc.RazorPages.PageResult.
2025-04-22 11:25:46 [INF] Executed page /Users/Login in 101.1492ms
2025-04-22 11:25:46 [INF] Executed endpoint '/Users/Login'
2025-04-22 11:25:46 [INF] Request finished HTTP/2 GET https://localhost:7056/Users/Login - 200 null text/html; charset=utf-8 123.3918ms
2025-04-22 11:25:47 [INF] Request starting HTTP/2 GET https://localhost:7056/_framework/aspnetcore-browser-refresh.js - null null
2025-04-22 11:25:47 [INF] Request finished HTTP/2 GET https://localhost:7056/_framework/aspnetcore-browser-refresh.js - 200 13820 application/javascript; charset=utf-8 8.9713ms
2025-04-22 11:25:47 [INF] Request starting HTTP/2 GET https://localhost:7056/_vs/browserLink - null null
2025-04-22 11:25:47 [INF] Request finished HTTP/2 GET https://localhost:7056/_vs/browserLink - 200 null text/javascript; charset=UTF-8 32.0592ms
2025-04-22 13:39:54 [INF] User profile is available. Using 'C:\Users\Lenovo\AppData\Local\ASP.NET\DataProtection-Keys' as key repository and Windows DPAPI to encrypt keys at rest.
2025-04-22 13:39:54 [INF] Now listening on: https://localhost:7056
2025-04-22 13:39:54 [INF] Now listening on: http://localhost:5156
2025-04-22 13:39:54 [INF] Application started. Press Ctrl+C to shut down.
2025-04-22 13:39:54 [INF] Hosting environment: Development
2025-04-22 13:39:54 [INF] Content root path: C:\Users\Lenovo\source\repos\RoadInfrastructureAssetManagementFrontend2\RoadInfrastructureAssetManagementFrontend2
2025-04-22 13:39:55 [INF] Request starting HTTP/2 GET https://localhost:7056/ - null null
2025-04-22 13:39:55 [INF] Executing endpoint '/Index'
2025-04-22 13:39:55 [INF] Route matched with {page = "/Index"}. Executing page /Index
2025-04-22 13:39:55 [INF] Accessing expired session, Key:922dff37-714c-9ecc-48ac-b32a183dca16
2025-04-22 13:39:55 [INF] Executing RedirectToPageResult, redirecting to /Users/Login.
2025-04-22 13:39:55 [INF] Executed page /Index in 19.3997ms
2025-04-22 13:39:55 [INF] Executed endpoint '/Index'
2025-04-22 13:39:55 [INF] Request finished HTTP/2 GET https://localhost:7056/ - 302 0 null 187.8102ms
2025-04-22 13:39:55 [INF] Request starting HTTP/2 GET https://localhost:7056/Users/Login - null null
2025-04-22 13:39:55 [INF] Executing endpoint '/Users/Login'
2025-04-22 13:39:55 [INF] Route matched with {page = "/Users/Login"}. Executing page /Users/Login
2025-04-22 13:39:55 [INF] Accessing expired session, Key:922dff37-714c-9ecc-48ac-b32a183dca16
2025-04-22 13:39:55 [INF] Executing handler method RoadInfrastructureAssetManagementFrontend2.Pages.Users.LoginModel.OnGet - ModelState is "Valid"
2025-04-22 13:39:55 [INF] Executed handler method OnGet, returned result .
2025-04-22 13:39:55 [INF] Executing an implicit handler method - ModelState is "Valid"
2025-04-22 13:39:55 [INF] Executed an implicit handler method, returned result Microsoft.AspNetCore.Mvc.RazorPages.PageResult.
2025-04-22 13:39:55 [INF] Executed page /Users/Login in 97.7196ms
2025-04-22 13:39:55 [INF] Executed endpoint '/Users/Login'
2025-04-22 13:39:55 [INF] Request finished HTTP/2 GET https://localhost:7056/Users/Login - 200 null text/html; charset=utf-8 122.3864ms
2025-04-22 13:39:55 [INF] Request starting HTTP/2 GET https://localhost:7056/_framework/aspnetcore-browser-refresh.js - null null
2025-04-22 13:39:55 [INF] Request finished HTTP/2 GET https://localhost:7056/_framework/aspnetcore-browser-refresh.js - 200 13820 application/javascript; charset=utf-8 10.0624ms
2025-04-22 13:39:55 [INF] Request starting HTTP/2 GET https://localhost:7056/_vs/browserLink - null null
2025-04-22 13:39:55 [INF] Request finished HTTP/2 GET https://localhost:7056/_vs/browserLink - 200 null text/javascript; charset=UTF-8 32.8839ms
2025-04-22 13:39:57 [INF] Request starting HTTP/2 POST https://localhost:7056/Users/Login - application/x-www-form-urlencoded 243
2025-04-22 13:39:57 [INF] Executing endpoint '/Users/Login'
2025-04-22 13:39:57 [INF] Route matched with {page = "/Users/Login"}. Executing page /Users/Login
2025-04-22 13:39:57 [INF] Accessing expired session, Key:922dff37-714c-9ecc-48ac-b32a183dca16
2025-04-22 13:39:57 [INF] Executing handler method RoadInfrastructureAssetManagementFrontend2.Pages.Users.LoginModel.OnPostAsync - ModelState is "Valid"
2025-04-22 13:39:57 [INF] Start processing HTTP request POST https://localhost:7030/api/users/login
2025-04-22 13:39:57 [INF] Sending HTTP request POST https://localhost:7030/api/users/login
2025-04-22 13:40:01 [INF] Executed page /Users/Login in 4231.2827ms
2025-04-22 13:40:01 [INF] Executed endpoint '/Users/Login'
2025-04-22 13:40:01 [ERR] An unhandled exception has occurred while executing the request.
System.Net.Http.HttpRequestException: No connection could be made because the target machine actively refused it. (localhost:7030)
 ---> System.Net.Sockets.SocketException (10061): No connection could be made because the target machine actively refused it.
   at System.Net.Sockets.Socket.AwaitableSocketAsyncEventArgs.ThrowException(SocketError error, CancellationToken cancellationToken)
   at System.Net.Sockets.Socket.AwaitableSocketAsyncEventArgs.System.Threading.Tasks.Sources.IValueTaskSource.GetResult(Int16 token)
   at System.Net.Sockets.Socket.<ConnectAsync>g__WaitForConnectWithCancellation|285_0(AwaitableSocketAsyncEventArgs saea, ValueTask connectTask, CancellationToken cancellationToken)
   at System.Net.Http.HttpConnectionPool.ConnectToTcpHostAsync(String host, Int32 port, HttpRequestMessage initialRequest, Boolean async, CancellationToken cancellationToken)
   --- End of inner exception stack trace ---
   at System.Net.Http.HttpConnectionPool.ConnectToTcpHostAsync(String host, Int32 port, HttpRequestMessage initialRequest, Boolean async, CancellationToken cancellationToken)
   at System.Net.Http.HttpConnectionPool.ConnectAsync(HttpRequestMessage request, Boolean async, CancellationToken cancellationToken)
   at System.Net.Http.HttpConnectionPool.CreateHttp11ConnectionAsync(HttpRequestMessage request, Boolean async, CancellationToken cancellationToken)
   at System.Net.Http.HttpConnectionPool.AddHttp11ConnectionAsync(QueueItem queueItem)
   at System.Threading.Tasks.TaskCompletionSourceWithCancellation`1.WaitWithCancellationAsync(CancellationToken cancellationToken)
   at System.Net.Http.HttpConnectionPool.HttpConnectionWaiter`1.WaitForConnectionWithTelemetryAsync(HttpRequestMessage request, HttpConnectionPool pool, Boolean async, CancellationToken requestCancellationToken)
   at System.Net.Http.HttpConnectionPool.SendWithVersionDetectionAndRetryAsync(HttpRequestMessage request, Boolean async, Boolean doRequestAuth, CancellationToken cancellationToken)
   at System.Net.Http.DiagnosticsHandler.SendAsyncCore(HttpRequestMessage request, Boolean async, CancellationToken cancellationToken)
   at System.Net.Http.RedirectHandler.SendAsync(HttpRequestMessage request, Boolean async, CancellationToken cancellationToken)
   at Microsoft.Extensions.Http.Logging.LoggingHttpMessageHandler.<SendCoreAsync>g__Core|5_0(HttpRequestMessage request, Boolean useAsync, CancellationToken cancellationToken)
   at Microsoft.Extensions.Http.Logging.LoggingScopeHttpMessageHandler.<SendCoreAsync>g__Core|5_0(HttpRequestMessage request, Boolean useAsync, CancellationToken cancellationToken)
   at System.Net.Http.HttpClient.<SendAsync>g__Core|83_0(HttpRequestMessage request, HttpCompletionOption completionOption, CancellationTokenSource cts, Boolean disposeCts, CancellationTokenSource pendingRequestsCts, CancellationToken originalCancellationToken)
   at RoadInfrastructureAssetManagementFrontend2.Service.UsersService.LoginAsync(LoginRequest request) in C:\Users\Lenovo\source\repos\RoadInfrastructureAssetManagementFrontend2\RoadInfrastructureAssetManagementFrontend2\Service\UsersService.cs:line 176
   at RoadInfrastructureAssetManagementFrontend2.Pages.Users.LoginModel.OnPostAsync() in C:\Users\Lenovo\source\repos\RoadInfrastructureAssetManagementFrontend2\RoadInfrastructureAssetManagementFrontend2\Pages\Users\Login.cshtml.cs:line 34
   at Microsoft.AspNetCore.Mvc.RazorPages.Infrastructure.ExecutorFactory.GenericTaskHandlerMethod.Convert[T](Object taskAsObject)
   at Microsoft.AspNetCore.Mvc.RazorPages.Infrastructure.ExecutorFactory.GenericTaskHandlerMethod.Execute(Object receiver, Object[] arguments)
   at Microsoft.AspNetCore.Mvc.RazorPages.Infrastructure.PageActionInvoker.InvokeHandlerMethodAsync()
   at Microsoft.AspNetCore.Mvc.RazorPages.Infrastructure.PageActionInvoker.InvokeNextPageFilterAsync()
   at Microsoft.AspNetCore.Mvc.RazorPages.Infrastructure.PageActionInvoker.Rethrow(PageHandlerExecutedContext context)
   at Microsoft.AspNetCore.Mvc.RazorPages.Infrastructure.PageActionInvoker.Next(State& next, Scope& scope, Object& state, Boolean& isCompleted)
   at Microsoft.AspNetCore.Mvc.RazorPages.Infrastructure.PageActionInvoker.InvokeInnerFilterAsync()
   at Microsoft.AspNetCore.Mvc.Infrastructure.ResourceInvoker.<InvokeNextResourceFilter>g__Awaited|25_0(ResourceInvoker invoker, Task lastTask, State next, Scope scope, Object state, Boolean isCompleted)
   at Microsoft.AspNetCore.Mvc.Infrastructure.ResourceInvoker.Rethrow(ResourceExecutedContextSealed context)
   at Microsoft.AspNetCore.Mvc.Infrastructure.ResourceInvoker.Next(State& next, Scope& scope, Object& state, Boolean& isCompleted)
   at Microsoft.AspNetCore.Mvc.Infrastructure.ResourceInvoker.<InvokeFilterPipelineAsync>g__Awaited|20_0(ResourceInvoker invoker, Task lastTask, State next, Scope scope, Object state, Boolean isCompleted)
   at Microsoft.AspNetCore.Mvc.Infrastructure.ResourceInvoker.<InvokeAsync>g__Logged|17_1(ResourceInvoker invoker)
   at Microsoft.AspNetCore.Mvc.Infrastructure.ResourceInvoker.<InvokeAsync>g__Logged|17_1(ResourceInvoker invoker)
   at Microsoft.AspNetCore.Routing.EndpointMiddleware.<Invoke>g__AwaitRequestTask|7_0(Endpoint endpoint, Task requestTask, ILogger logger)
   at Microsoft.AspNetCore.Authorization.AuthorizationMiddleware.Invoke(HttpContext context)
   at Microsoft.AspNetCore.Session.SessionMiddleware.Invoke(HttpContext context)
   at Microsoft.AspNetCore.Session.SessionMiddleware.Invoke(HttpContext context)
   at Microsoft.AspNetCore.Authentication.AuthenticationMiddleware.Invoke(HttpContext context)
   at Microsoft.AspNetCore.Diagnostics.DeveloperExceptionPageMiddlewareImpl.Invoke(HttpContext context)
2025-04-22 13:40:01 [INF] Request finished HTTP/2 POST https://localhost:7056/Users/Login - 500 null text/html; charset=utf-8 4341.4792ms
2025-04-22 13:40:01 [INF] Request starting HTTP/2 GET https://localhost:7056/_vs/browserLink - null null
2025-04-22 13:40:01 [INF] Request starting HTTP/2 GET https://localhost:7056/_framework/aspnetcore-browser-refresh.js - null null
2025-04-22 13:40:01 [INF] Request finished HTTP/2 GET https://localhost:7056/_framework/aspnetcore-browser-refresh.js - 200 13820 application/javascript; charset=utf-8 9.4894ms
2025-04-22 13:40:01 [INF] Request finished HTTP/2 GET https://localhost:7056/_vs/browserLink - 200 null text/javascript; charset=UTF-8 24.2019ms
2025-04-22 13:40:22 [INF] User profile is available. Using 'C:\Users\Lenovo\AppData\Local\ASP.NET\DataProtection-Keys' as key repository and Windows DPAPI to encrypt keys at rest.
2025-04-22 13:40:22 [INF] Now listening on: https://localhost:7056
2025-04-22 13:40:22 [INF] Now listening on: http://localhost:5156
2025-04-22 13:40:22 [INF] Application started. Press Ctrl+C to shut down.
2025-04-22 13:40:22 [INF] Hosting environment: Development
2025-04-22 13:40:22 [INF] Content root path: C:\Users\Lenovo\source\repos\RoadInfrastructureAssetManagementFrontend2\RoadInfrastructureAssetManagementFrontend2
2025-04-22 13:40:23 [INF] Request starting HTTP/2 GET https://localhost:7056/ - null null
2025-04-22 13:40:23 [INF] Executing endpoint '/Index'
2025-04-22 13:40:23 [INF] Route matched with {page = "/Index"}. Executing page /Index
2025-04-22 13:40:23 [INF] Accessing expired session, Key:922dff37-714c-9ecc-48ac-b32a183dca16
2025-04-22 13:40:23 [INF] Executing RedirectToPageResult, redirecting to /Users/Login.
2025-04-22 13:40:23 [INF] Executed page /Index in 40.4738ms
2025-04-22 13:40:23 [INF] Executed endpoint '/Index'
2025-04-22 13:40:23 [INF] Request finished HTTP/2 GET https://localhost:7056/ - 302 0 null 231.1283ms
2025-04-22 13:40:23 [INF] Request starting HTTP/2 GET https://localhost:7056/Users/Login - null null
2025-04-22 13:40:23 [INF] Executing endpoint '/Users/Login'
2025-04-22 13:40:23 [INF] Route matched with {page = "/Users/Login"}. Executing page /Users/Login
2025-04-22 13:40:23 [INF] Accessing expired session, Key:922dff37-714c-9ecc-48ac-b32a183dca16
2025-04-22 13:40:23 [INF] Executing handler method RoadInfrastructureAssetManagementFrontend2.Pages.Users.LoginModel.OnGet - ModelState is "Valid"
2025-04-22 13:40:23 [INF] Executed handler method OnGet, returned result .
2025-04-22 13:40:23 [INF] Executing an implicit handler method - ModelState is "Valid"
2025-04-22 13:40:23 [INF] Executed an implicit handler method, returned result Microsoft.AspNetCore.Mvc.RazorPages.PageResult.
2025-04-22 13:40:23 [INF] Executed page /Users/Login in 145.1787ms
2025-04-22 13:40:23 [INF] Executed endpoint '/Users/Login'
2025-04-22 13:40:23 [INF] Request finished HTTP/2 GET https://localhost:7056/Users/Login - 200 null text/html; charset=utf-8 175.1504ms
2025-04-22 13:40:23 [INF] Request starting HTTP/2 GET https://localhost:7056/_framework/aspnetcore-browser-refresh.js - null null
2025-04-22 13:40:23 [INF] Request finished HTTP/2 GET https://localhost:7056/_framework/aspnetcore-browser-refresh.js - 200 13820 application/javascript; charset=utf-8 12.4349ms
2025-04-22 13:40:23 [INF] Request starting HTTP/2 GET https://localhost:7056/_vs/browserLink - null null
2025-04-22 13:40:23 [INF] Request finished HTTP/2 GET https://localhost:7056/_vs/browserLink - 200 null text/javascript; charset=UTF-8 38.7917ms
2025-04-22 13:40:39 [INF] Request starting HTTP/2 POST https://localhost:7056/Users/Login - application/x-www-form-urlencoded 243
2025-04-22 13:40:39 [INF] Executing endpoint '/Users/Login'
2025-04-22 13:40:39 [INF] Route matched with {page = "/Users/Login"}. Executing page /Users/Login
2025-04-22 13:40:39 [INF] Accessing expired session, Key:922dff37-714c-9ecc-48ac-b32a183dca16
2025-04-22 13:40:39 [INF] Executing handler method RoadInfrastructureAssetManagementFrontend2.Pages.Users.LoginModel.OnPostAsync - ModelState is "Valid"
2025-04-22 13:40:39 [INF] Start processing HTTP request POST https://localhost:7030/api/users/login
2025-04-22 13:40:39 [INF] Sending HTTP request POST https://localhost:7030/api/users/login
2025-04-22 13:40:45 [INF] Received HTTP response headers after 6355.4241ms - 200
2025-04-22 13:40:45 [INF] End processing HTTP request after 6367.1275ms - 200
2025-04-22 13:40:45 [INF] Executed handler method OnPostAsync, returned result Microsoft.AspNetCore.Mvc.RedirectToPageResult.
2025-04-22 13:40:45 [INF] Executing RedirectToPageResult, redirecting to /Index.
2025-04-22 13:40:45 [INF] Executed page /Users/Login in 6413.5516ms
2025-04-22 13:40:45 [INF] Executed endpoint '/Users/Login'
2025-04-22 13:40:45 [INF] Session started; Key:922dff37-714c-9ecc-48ac-b32a183dca16, Id:f17dcac0-6606-28cd-333d-20cc3a7e73d3
2025-04-22 13:40:45 [INF] Request finished HTTP/2 POST https://localhost:7056/Users/Login - 302 0 null 6434.0771ms
2025-04-22 13:40:45 [INF] Request starting HTTP/2 GET https://localhost:7056/ - null null
2025-04-22 13:40:45 [INF] Executing endpoint '/Index'
2025-04-22 13:40:45 [INF] Route matched with {page = "/Index"}. Executing page /Index
2025-04-22 13:40:45 [INF] Executing handler method RoadInfrastructureAssetManagementFrontend2.Pages.IndexModel.OnGet - ModelState is "Valid"
2025-04-22 13:40:45 [INF] Executed handler method OnGet, returned result .
2025-04-22 13:40:45 [INF] Executing an implicit handler method - ModelState is "Valid"
2025-04-22 13:40:45 [INF] Executed an implicit handler method, returned result Microsoft.AspNetCore.Mvc.RazorPages.PageResult.
2025-04-22 13:40:45 [INF] Executed page /Index in 16.6641ms
2025-04-22 13:40:45 [INF] Executed endpoint '/Index'
2025-04-22 13:40:45 [INF] Request finished HTTP/2 GET https://localhost:7056/ - 200 null text/html; charset=utf-8 27.4306ms
2025-04-22 13:40:45 [INF] Request starting HTTP/2 GET https://localhost:7056/_vs/browserLink - null null
2025-04-22 13:40:45 [INF] Request starting HTTP/2 GET https://localhost:7056/_framework/aspnetcore-browser-refresh.js - null null
2025-04-22 13:40:45 [INF] Request finished HTTP/2 GET https://localhost:7056/_framework/aspnetcore-browser-refresh.js - 200 13820 application/javascript; charset=utf-8 3.4741ms
2025-04-22 13:40:45 [INF] Request finished HTTP/2 GET https://localhost:7056/_vs/browserLink - 200 null text/javascript; charset=UTF-8 28.1196ms
2025-04-22 13:40:53 [INF] Request starting HTTP/2 GET https://localhost:7056/AssetCategories - null null
2025-04-22 13:40:53 [INF] Executing endpoint '/AssetCategories/Index'
2025-04-22 13:40:53 [INF] Route matched with {page = "/AssetCategories/Index"}. Executing page /AssetCategories/Index
2025-04-22 13:40:53 [INF] Executing handler method RoadInfrastructureAssetManagementFrontend2.Pages.AssetCategories.IndexModel.OnGetAsync - ModelState is "Valid"
2025-04-22 13:40:53 [INF] User TeoNao (Role: admin) is accessing Asset Categories Index page
2025-04-22 13:40:53 [INF] User TeoNao (Role: admin) is retrieving all asset categories
2025-04-22 13:40:53 [INF] Start processing HTTP request GET https://localhost:7030/api/assetCagetories
2025-04-22 13:40:53 [INF] Sending HTTP request GET https://localhost:7030/api/assetCagetories
2025-04-22 13:40:53 [INF] Received HTTP response headers after 79.7997ms - 200
2025-04-22 13:40:53 [INF] End processing HTTP request after 83.6241ms - 200
2025-04-22 13:40:53 [INF] User TeoNao (Role: admin) retrieved 1 asset categories successfully
2025-04-22 13:40:53 [INF] User TeoNao (Role: admin) loaded 1 asset categories
2025-04-22 13:40:53 [INF] Executed handler method OnGetAsync, returned result .
2025-04-22 13:40:53 [INF] Executing an implicit handler method - ModelState is "Valid"
2025-04-22 13:40:53 [INF] Executed an implicit handler method, returned result Microsoft.AspNetCore.Mvc.RazorPages.PageResult.
2025-04-22 13:40:53 [INF] Executed page /AssetCategories/Index in 126.0158ms
2025-04-22 13:40:53 [INF] Executed endpoint '/AssetCategories/Index'
2025-04-22 13:40:53 [INF] Request finished HTTP/2 GET https://localhost:7056/AssetCategories - 200 null text/html; charset=utf-8 140.9954ms
2025-04-22 13:40:53 [INF] Request starting HTTP/2 GET https://localhost:7056/_framework/aspnetcore-browser-refresh.js - null null
2025-04-22 13:40:53 [INF] Request starting HTTP/2 GET https://localhost:7056/_vs/browserLink - null null
2025-04-22 13:40:53 [INF] Request finished HTTP/2 GET https://localhost:7056/_framework/aspnetcore-browser-refresh.js - 200 13820 application/javascript; charset=utf-8 4.6527ms
2025-04-22 13:40:53 [INF] Request finished HTTP/2 GET https://localhost:7056/_vs/browserLink - 200 null text/javascript; charset=UTF-8 18.8976ms
2025-04-22 13:40:55 [INF] Request starting HTTP/2 GET https://localhost:7056/AssetCategories/Index?handler=GetDetail&id=1 - null null
2025-04-22 13:40:55 [INF] Executing endpoint '/AssetCategories/Index'
2025-04-22 13:40:55 [INF] Route matched with {page = "/AssetCategories/Index"}. Executing page /AssetCategories/Index
2025-04-22 13:40:55 [INF] Executing handler method RoadInfrastructureAssetManagementFrontend2.Pages.AssetCategories.IndexModel.OnGetGetDetailAsync - ModelState is "Valid"
2025-04-22 13:40:55 [INF] User TeoNao (Role: admin) is retrieving details for asset category with ID 1
2025-04-22 13:40:55 [INF] User TeoNao (Role: admin) is retrieving asset category with ID 1
2025-04-22 13:40:55 [INF] Start processing HTTP request GET https://localhost:7030/api/assetCagetories/1
2025-04-22 13:40:55 [INF] Sending HTTP request GET https://localhost:7030/api/assetCagetories/1
2025-04-22 13:40:55 [INF] Received HTTP response headers after 25.8583ms - 200
2025-04-22 13:40:55 [INF] End processing HTTP request after 28.3374ms - 200
2025-04-22 13:40:55 [INF] User TeoNao (Role: admin) retrieved asset category with ID 1 successfully
2025-04-22 13:40:55 [INF] User TeoNao (Role: admin) retrieved details for asset category with ID 1 successfully
2025-04-22 13:40:55 [INF] Executed handler method OnGetGetDetailAsync, returned result Microsoft.AspNetCore.Mvc.ContentResult.
2025-04-22 13:40:55 [INF] Executing ContentResult with HTTP Response ContentType of text/html
2025-04-22 13:40:55 [INF] Executed page /AssetCategories/Index in 72.9243ms
2025-04-22 13:40:55 [INF] Executed endpoint '/AssetCategories/Index'
2025-04-22 13:40:55 [INF] Request finished HTTP/2 GET https://localhost:7056/AssetCategories/Index?handler=GetDetail&id=1 - 200 1300 text/html 84.469ms
